Using pre-set license
Built from '2020.3/staging' branch; Version is '2020.3.3f1 (76626098c1c4) revision 7758432'; Using compiler version '192528614'; Build Type 'Release'
OS: 'Windows 10 Home; OS build 19042.985; Version 2009; 64bit' Language: 'ko' Physical Memory: 32687 MB
BatchMode: 1, IsHumanControllingUs: 0, StartBugReporterOnCrash: 0, Is64bit: 1, IsPro: 0

 COMMAND LINE ARGUMENTS:
C:\UnityHub\2020.3.3f1\Editor\Unity.exe
-adb2
-batchMode
-noUpm
-name
AssetImportWorker0
-projectPath
D:/UnityProject/semicolon_EndlessRunner
-logFile
Logs/AssetImportWorker0.log
-srvPort
50188
Successfully changed project path to: D:/UnityProject/semicolon_EndlessRunner
D:/UnityProject/semicolon_EndlessRunner
Using Asset Import Pipeline V2.
Refreshing native plugins compatible for Editor in 25.52 ms, found 0 plugins.
Preloading 0 native plugins for Editor in 0.00 ms.
Initialize engine version: 2020.3.3f1 (76626098c1c4)
[Subsystems] Discovering subsystems at path C:/UnityHub/2020.3.3f1/Editor/Data/Resources/UnitySubsystems
[Subsystems] Discovering subsystems at path D:/UnityProject/semicolon_EndlessRunner/Assets
GfxDevice: creating device client; threaded=0
Direct3D:
    Version:  Direct3D 11.0 [level 11.1]
    Renderer: NVIDIA GeForce RTX 2070 SUPER (ID=0x1e84)
    Vendor:   
    VRAM:     8012 MB
    Driver:   27.21.14.6611
Initialize mono
Mono path[0] = 'C:/UnityHub/2020.3.3f1/Editor/Data/Managed'
Mono path[1] = 'C:/UnityHub/2020.3.3f1/Editor/Data/MonoBleedingEdge/lib/mono/unityjit'
Mono config path = 'C:/UnityHub/2020.3.3f1/Editor/Data/MonoBleedingEdge/etc'
Using monoOptions --debugger-agent=transport=dt_socket,embedding=1,server=y,suspend=n,address=127.0.0.1:56300
Begin MonoManager ReloadAssembly
Registering precompiled unity dll's ...
Register platform support module: C:/UnityHub/2020.3.3f1/Editor/Data/PlaybackEngines/WindowsStandaloneSupport/UnityEditor.WindowsStandalone.Extensions.dll
Registered in 0.001361 seconds.
Native extension for WindowsStandalone target not found
Refreshing native plugins compatible for Editor in 24.42 ms, found 0 plugins.
Preloading 0 native plugins for Editor in 0.00 ms.
Invoked RoslynAnalysisRunner static constructor.
RoslynAnalysisRunner will not be running.
RoslynAnalysisRunner has terminated.
Mono: successfully reloaded assembly
- Completed reload, in  1.249 seconds
Platform modules already initialized, skipping
Registering precompiled user dll's ...
Registered in 0.000950 seconds.
Begin MonoManager ReloadAssembly
Native extension for WindowsStandalone target not found
Refreshing native plugins compatible for Editor in 0.31 ms, found 0 plugins.
Preloading 0 native plugins for Editor in 0.00 ms.
Invoked RoslynAnalysisRunner static constructor.
RoslynAnalysisRunner will not be running.
RoslynAnalysisRunner has terminated.
Mono: successfully reloaded assembly
- Completed reload, in  0.657 seconds
Platform modules already initialized, skipping
========================================================================
Worker process is ready to serve import requests
Launched and connected shader compiler UnityShaderCompiler.exe after 0.02 seconds
Refreshing native plugins compatible for Editor in 0.30 ms, found 0 plugins.
Preloading 0 native plugins for Editor in 0.00 ms.
Unloading 1422 Unused Serialized files (Serialized files now loaded: 0)
System memory in use before: 67.6 MB.
System memory in use after: 67.7 MB.

Unloading 33 unused Assets to reduce memory usage. Loaded Objects now: 1850.
Total: 1.370000 ms (FindLiveObjects: 0.144100 ms CreateObjectMapping: 0.049600 ms MarkObjects: 1.130900 ms  DeleteObjects: 0.044700 ms)

========================================================================
Received Import Request.
  path: Assets/Scenes/Title.unity
  artifactKey: Guid(8bd4ab54571d841408f5a51afd1bfa56) Importer(815301076,1909f56bfc062723c751e8b465ee728b)
Start importing Assets/Scenes/Title.unity using Guid(8bd4ab54571d841408f5a51afd1bfa56) Importer(815301076,1909f56bfc062723c751e8b465ee728b)  -> (artifact id: 'd2ca55af1d03db743c65d89b2126ef29') in 0.013045 seconds
  Import took 0.015399 seconds .

========================================================================
Received Import Request.
  Time since last request: 0.006681 seconds.
  path: Assets/Scenes/Title.unity
  artifactKey: Guid(8bd4ab54571d841408f5a51afd1bfa56) Importer(815301076,1909f56bfc062723c751e8b465ee728b)
Start importing Assets/Scenes/Title.unity using Guid(8bd4ab54571d841408f5a51afd1bfa56) Importer(815301076,1909f56bfc062723c751e8b465ee728b)  -> (artifact id: 'd2ca55af1d03db743c65d89b2126ef29') in 0.001281 seconds
  Import took 0.003580 seconds .

========================================================================
Received Import Request.
  Time since last request: 22.512422 seconds.
  path: Assets/Scenes/Game.unity
  artifactKey: Guid(2cda990e2423bbf4892e6590ba056729) Importer(815301076,1909f56bfc062723c751e8b465ee728b)
Start importing Assets/Scenes/Game.unity using Guid(2cda990e2423bbf4892e6590ba056729) Importer(815301076,1909f56bfc062723c751e8b465ee728b)  -> (artifact id: '01c460e52a0e660fe618480e7f883f1e') in 0.001321 seconds
  Import took 0.003127 seconds .

========================================================================
Received Import Request.
  Time since last request: 0.000380 seconds.
  path: Assets/Scenes/Game.unity
  artifactKey: Guid(2cda990e2423bbf4892e6590ba056729) Importer(815301076,1909f56bfc062723c751e8b465ee728b)
Start importing Assets/Scenes/Game.unity using Guid(2cda990e2423bbf4892e6590ba056729) Importer(815301076,1909f56bfc062723c751e8b465ee728b)  -> (artifact id: '01c460e52a0e660fe618480e7f883f1e') in 0.001251 seconds
  Import took 0.003085 seconds .

========================================================================
Received Prepare
Registering precompiled user dll's ...
Registered in 0.000912 seconds.
Begin MonoManager ReloadAssembly
Native extension for WindowsStandalone target not found
Refreshing native plugins compatible for Editor in 0.32 ms, found 0 plugins.
Preloading 0 native plugins for Editor in 0.00 ms.
Invoked RoslynAnalysisRunner static constructor.
RoslynAnalysisRunner will not be running.
RoslynAnalysisRunner has terminated.
Mono: successfully reloaded assembly
- Completed reload, in  0.633 seconds
Platform modules already initialized, skipping
Refreshing native plugins compatible for Editor in 0.33 ms, found 0 plugins.
Preloading 0 native plugins for Editor in 0.00 ms.
Unloading 1416 Unused Serialized files (Serialized files now loaded: 0)
System memory in use before: 67.4 MB.
System memory in use after: 67.5 MB.

Unloading 24 unused Assets to reduce memory usage. Loaded Objects now: 1853.
Total: 1.326800 ms (FindLiveObjects: 0.150700 ms CreateObjectMapping: 0.044700 ms MarkObjects: 1.117200 ms  DeleteObjects: 0.013500 ms)

========================================================================
Received Import Request.
  Time since last request: 9.197949 seconds.
  path: Assets/Scenes/Title.unity
  artifactKey: Guid(8bd4ab54571d841408f5a51afd1bfa56) Importer(815301076,1909f56bfc062723c751e8b465ee728b)
Start importing Assets/Scenes/Title.unity using Guid(8bd4ab54571d841408f5a51afd1bfa56) Importer(815301076,1909f56bfc062723c751e8b465ee728b)  -> (artifact id: '5d72aa0d37798600eb4c5deaac16cee9') in 0.010106 seconds
  Import took 0.011981 seconds .

========================================================================
Received Import Request.
  Time since last request: 0.519175 seconds.
  path: Assets/Scenes/Game.unity
  artifactKey: Guid(2cda990e2423bbf4892e6590ba056729) Importer(815301076,1909f56bfc062723c751e8b465ee728b)
Start importing Assets/Scenes/Game.unity using Guid(2cda990e2423bbf4892e6590ba056729) Importer(815301076,1909f56bfc062723c751e8b465ee728b)  -> (artifact id: '46c6b075827e682580a4b40d764cc27a') in 0.001309 seconds
  Import took 0.003076 seconds .

========================================================================
Received Prepare
Registering precompiled user dll's ...
Registered in 0.000930 seconds.
Begin MonoManager ReloadAssembly
Native extension for WindowsStandalone target not found
Refreshing native plugins compatible for Editor in 0.33 ms, found 0 plugins.
Preloading 0 native plugins for Editor in 0.00 ms.
Invoked RoslynAnalysisRunner static constructor.
RoslynAnalysisRunner will not be running.
RoslynAnalysisRunner has terminated.
Mono: successfully reloaded assembly
- Completed reload, in  0.614 seconds
Platform modules already initialized, skipping
Refreshing native plugins compatible for Editor in 0.32 ms, found 0 plugins.
Preloading 0 native plugins for Editor in 0.00 ms.
Unloading 1416 Unused Serialized files (Serialized files now loaded: 0)
System memory in use before: 67.5 MB.
System memory in use after: 67.6 MB.

Unloading 24 unused Assets to reduce memory usage. Loaded Objects now: 1856.
Total: 1.328000 ms (FindLiveObjects: 0.118400 ms CreateObjectMapping: 0.039000 ms MarkObjects: 1.155000 ms  DeleteObjects: 0.015000 ms)

========================================================================
Received Prepare
Registering precompiled user dll's ...
Registered in 0.000955 seconds.
Begin MonoManager ReloadAssembly
Native extension for WindowsStandalone target not found
Refreshing native plugins compatible for Editor in 0.36 ms, found 0 plugins.
Preloading 0 native plugins for Editor in 0.00 ms.
Invoked RoslynAnalysisRunner static constructor.
RoslynAnalysisRunner will not be running.
RoslynAnalysisRunner has terminated.
Mono: successfully reloaded assembly
- Completed reload, in  0.690 seconds
Platform modules already initialized, skipping
Refreshing native plugins compatible for Editor in 0.50 ms, found 0 plugins.
Preloading 0 native plugins for Editor in 0.00 ms.
Unloading 1416 Unused Serialized files (Serialized files now loaded: 0)
System memory in use before: 67.5 MB.
System memory in use after: 67.6 MB.

Unloading 24 unused Assets to reduce memory usage. Loaded Objects now: 1859.
Total: 1.562100 ms (FindLiveObjects: 0.149700 ms CreateObjectMapping: 0.049800 ms MarkObjects: 1.343800 ms  DeleteObjects: 0.018000 ms)

========================================================================
Received Prepare
Registering precompiled user dll's ...
Registered in 0.000970 seconds.
Begin MonoManager ReloadAssembly
Native extension for WindowsStandalone target not found
Refreshing native plugins compatible for Editor in 0.33 ms, found 0 plugins.
Preloading 0 native plugins for Editor in 0.00 ms.
Invoked RoslynAnalysisRunner static constructor.
RoslynAnalysisRunner will not be running.
RoslynAnalysisRunner has terminated.
Mono: successfully reloaded assembly
- Completed reload, in  0.688 seconds
Platform modules already initialized, skipping
Refreshing native plugins compatible for Editor in 0.37 ms, found 0 plugins.
Preloading 0 native plugins for Editor in 0.00 ms.
Unloading 1416 Unused Serialized files (Serialized files now loaded: 0)
System memory in use before: 67.5 MB.
System memory in use after: 67.6 MB.

Unloading 24 unused Assets to reduce memory usage. Loaded Objects now: 1862.
Total: 1.457700 ms (FindLiveObjects: 0.119800 ms CreateObjectMapping: 0.037000 ms MarkObjects: 1.282300 ms  DeleteObjects: 0.017600 ms)

========================================================================
Received Import Request.
  Time since last request: 367.078477 seconds.
  path: Assets/Scenes/Game.unity
  artifactKey: Guid(2cda990e2423bbf4892e6590ba056729) Importer(815301076,1909f56bfc062723c751e8b465ee728b)
Start importing Assets/Scenes/Game.unity using Guid(2cda990e2423bbf4892e6590ba056729) Importer(815301076,1909f56bfc062723c751e8b465ee728b)  -> (artifact id: '268c2067e7b94040331cef7fb745709c') in 0.011871 seconds
  Import took 0.013984 seconds .

========================================================================
Received Import Request.
  Time since last request: 0.479602 seconds.
  path: Assets/Scenes/Title.unity
  artifactKey: Guid(8bd4ab54571d841408f5a51afd1bfa56) Importer(815301076,1909f56bfc062723c751e8b465ee728b)
Start importing Assets/Scenes/Title.unity using Guid(8bd4ab54571d841408f5a51afd1bfa56) Importer(815301076,1909f56bfc062723c751e8b465ee728b)  -> (artifact id: '102a2c5e21cd72e4b111630f6c3be38b') in 0.004561 seconds
  Import took 0.006322 seconds .

========================================================================
Received Prepare
Registering precompiled user dll's ...
Registered in 0.000911 seconds.
Begin MonoManager ReloadAssembly
Native extension for WindowsStandalone target not found
Refreshing native plugins compatible for Editor in 0.32 ms, found 0 plugins.
Preloading 0 native plugins for Editor in 0.00 ms.
Invoked RoslynAnalysisRunner static constructor.
RoslynAnalysisRunner will not be running.
RoslynAnalysisRunner has terminated.
Mono: successfully reloaded assembly
- Completed reload, in  0.619 seconds
Platform modules already initialized, skipping
Refreshing native plugins compatible for Editor in 0.31 ms, found 0 plugins.
Preloading 0 native plugins for Editor in 0.00 ms.
Unloading 1416 Unused Serialized files (Serialized files now loaded: 0)
System memory in use before: 67.5 MB.
System memory in use after: 67.6 MB.

Unloading 24 unused Assets to reduce memory usage. Loaded Objects now: 1865.
Total: 1.317500 ms (FindLiveObjects: 0.126400 ms CreateObjectMapping: 0.040600 ms MarkObjects: 1.135000 ms  DeleteObjects: 0.014800 ms)

========================================================================
Received Import Request.
  Time since last request: 36.038492 seconds.
  path: Assets/Scripts/Obstacle.cs
  artifactKey: Guid(00f8a9d1224df3443971291524bce728) Importer(815301076,1909f56bfc062723c751e8b465ee728b)
Start importing Assets/Scripts/Obstacle.cs using Guid(00f8a9d1224df3443971291524bce728) Importer(815301076,1909f56bfc062723c751e8b465ee728b)  -> (artifact id: '444e4302440d6729dcfe2c8cacd1edc8') in 0.025138 seconds
  Import took 0.026964 seconds .

========================================================================
Received Import Request.
  Time since last request: 0.213694 seconds.
  path: Assets/Scripts/Background.cs
  artifactKey: Guid(01993d00f2d9d874da6f2a54496ff33b) Importer(815301076,1909f56bfc062723c751e8b465ee728b)
Start importing Assets/Scripts/Background.cs using Guid(01993d00f2d9d874da6f2a54496ff33b) Importer(815301076,1909f56bfc062723c751e8b465ee728b)  -> (artifact id: '626805cbd8b68165fca43d82be6730fe') in 0.004035 seconds
  Import took 0.005794 seconds .

========================================================================
Received Import Request.
  Time since last request: 0.000269 seconds.
  path: Assets/Scripts/Background.cs
  artifactKey: Guid(01993d00f2d9d874da6f2a54496ff33b) Importer(815301076,1909f56bfc062723c751e8b465ee728b)
Start importing Assets/Scripts/Background.cs using Guid(01993d00f2d9d874da6f2a54496ff33b) Importer(815301076,1909f56bfc062723c751e8b465ee728b)  -> (artifact id: '626805cbd8b68165fca43d82be6730fe') in 0.000970 seconds
  Import took 0.002671 seconds .

========================================================================
Received Import Request.
  Time since last request: 0.368970 seconds.
  path: Assets/Scripts/Destroyer.cs
  artifactKey: Guid(5d2bfe8035dd9064b8c1f1e6b7e6c691) Importer(815301076,1909f56bfc062723c751e8b465ee728b)
Start importing Assets/Scripts/Destroyer.cs using Guid(5d2bfe8035dd9064b8c1f1e6b7e6c691) Importer(815301076,1909f56bfc062723c751e8b465ee728b)  -> (artifact id: 'bed045b1ae9c37aa05f34edf28b38e0c') in 0.003982 seconds
  Import took 0.005777 seconds .

========================================================================
Received Import Request.
  Time since last request: 0.582261 seconds.
  path: Assets/Scripts/Spawner.cs
  artifactKey: Guid(a57bde8976971564fb942420bf7e0099) Importer(815301076,1909f56bfc062723c751e8b465ee728b)
Start importing Assets/Scripts/Spawner.cs using Guid(a57bde8976971564fb942420bf7e0099) Importer(815301076,1909f56bfc062723c751e8b465ee728b)  -> (artifact id: '9a167e6834dac2bd5029786a487223b2') in 0.003960 seconds
  Import took 0.005787 seconds .

========================================================================
Received Import Request.
  Time since last request: 6.856589 seconds.
  path: Assets/Scripts/TitleScene.cs
  artifactKey: Guid(03665df747317a64d8353062a6225b65) Importer(815301076,1909f56bfc062723c751e8b465ee728b)
Start importing Assets/Scripts/TitleScene.cs using Guid(03665df747317a64d8353062a6225b65) Importer(815301076,1909f56bfc062723c751e8b465ee728b)  -> (artifact id: '4063c2e7d4c69dacee307e4bf20d2dd3') in 0.015194 seconds
  Import took 0.016979 seconds .

========================================================================
Received Import Request.
  Time since last request: 1.745273 seconds.
  path: Assets/Scripts/Score.cs
  artifactKey: Guid(41bdf5f7c5cc3de4c84fe0c53271ce5b) Importer(815301076,1909f56bfc062723c751e8b465ee728b)
Start importing Assets/Scripts/Score.cs using Guid(41bdf5f7c5cc3de4c84fe0c53271ce5b) Importer(815301076,1909f56bfc062723c751e8b465ee728b)  -> (artifact id: 'b343b5f3c5ec41670a57e0bb0de12854') in 0.003926 seconds
  Import took 0.005751 seconds .

========================================================================
Received Import Request.
  Time since last request: 0.000524 seconds.
  path: Assets/Scripts/Score.cs
  artifactKey: Guid(41bdf5f7c5cc3de4c84fe0c53271ce5b) Importer(815301076,1909f56bfc062723c751e8b465ee728b)
Start importing Assets/Scripts/Score.cs using Guid(41bdf5f7c5cc3de4c84fe0c53271ce5b) Importer(815301076,1909f56bfc062723c751e8b465ee728b)  -> (artifact id: 'b343b5f3c5ec41670a57e0bb0de12854') in 0.000986 seconds
  Import took 0.002671 seconds .

========================================================================
Received Import Request.
  Time since last request: 1.040312 seconds.
  path: Assets/Scripts/Restart.cs
  artifactKey: Guid(bd851b8dce3cdf4499d24eaab7506e4d) Importer(815301076,1909f56bfc062723c751e8b465ee728b)
Start importing Assets/Scripts/Restart.cs using Guid(bd851b8dce3cdf4499d24eaab7506e4d) Importer(815301076,1909f56bfc062723c751e8b465ee728b)  -> (artifact id: '8dba45e86c34cc16c139401b2b26266d') in 0.004042 seconds
  Import took 0.005849 seconds .

========================================================================
Received Import Request.
  Time since last request: 0.390848 seconds.
  path: Assets/Scripts/Player.cs
  artifactKey: Guid(8402dd77dfe0dba47ab38bc30248a5ed) Importer(815301076,1909f56bfc062723c751e8b465ee728b)
Start importing Assets/Scripts/Player.cs using Guid(8402dd77dfe0dba47ab38bc30248a5ed) Importer(815301076,1909f56bfc062723c751e8b465ee728b)  -> (artifact id: '032fb531ef39550cb9d2114c593651fb') in 0.003943 seconds
  Import took 0.005779 seconds .

========================================================================
Received Import Request.
  Time since last request: 0.000728 seconds.
  path: Assets/Scripts/Player.cs
  artifactKey: Guid(8402dd77dfe0dba47ab38bc30248a5ed) Importer(815301076,1909f56bfc062723c751e8b465ee728b)
Start importing Assets/Scripts/Player.cs using Guid(8402dd77dfe0dba47ab38bc30248a5ed) Importer(815301076,1909f56bfc062723c751e8b465ee728b)  -> (artifact id: '032fb531ef39550cb9d2114c593651fb') in 0.001117 seconds
  Import took 0.002834 seconds .

========================================================================
Received Import Request.
  Time since last request: 0.311182 seconds.
  path: Assets/Scripts/ObstacleSpawn.cs
  artifactKey: Guid(7237bce9dacbb5248a26392c22da86c2) Importer(815301076,1909f56bfc062723c751e8b465ee728b)
Start importing Assets/Scripts/ObstacleSpawn.cs using Guid(7237bce9dacbb5248a26392c22da86c2) Importer(815301076,1909f56bfc062723c751e8b465ee728b)  -> (artifact id: 'e313e2582ecd762cf6f4e487160299b9') in 0.003945 seconds
  Import took 0.005807 seconds .

========================================================================
Received Import Request.
  Time since last request: 0.000838 seconds.
  path: Assets/Scripts/ObstacleSpawn.cs
  artifactKey: Guid(7237bce9dacbb5248a26392c22da86c2) Importer(815301076,1909f56bfc062723c751e8b465ee728b)
Start importing Assets/Scripts/ObstacleSpawn.cs using Guid(7237bce9dacbb5248a26392c22da86c2) Importer(815301076,1909f56bfc062723c751e8b465ee728b)  -> (artifact id: 'e313e2582ecd762cf6f4e487160299b9') in 0.000998 seconds
  Import took 0.002695 seconds .

========================================================================
Received Prepare
Registering precompiled user dll's ...
Registered in 0.000969 seconds.
Begin MonoManager ReloadAssembly
Native extension for WindowsStandalone target not found
Refreshing native plugins compatible for Editor in 0.32 ms, found 0 plugins.
Preloading 0 native plugins for Editor in 0.00 ms.
Invoked RoslynAnalysisRunner static constructor.
RoslynAnalysisRunner will not be running.
RoslynAnalysisRunner has terminated.
Mono: successfully reloaded assembly
- Completed reload, in  0.737 seconds
Platform modules already initialized, skipping
Refreshing native plugins compatible for Editor in 0.30 ms, found 0 plugins.
Preloading 0 native plugins for Editor in 0.00 ms.
Unloading 1416 Unused Serialized files (Serialized files now loaded: 0)
System memory in use before: 67.5 MB.
System memory in use after: 67.6 MB.

Unloading 24 unused Assets to reduce memory usage. Loaded Objects now: 1868.
Total: 1.326400 ms (FindLiveObjects: 0.128900 ms CreateObjectMapping: 0.042700 ms MarkObjects: 1.139700 ms  DeleteObjects: 0.014200 ms)

========================================================================
Received Prepare
Registering precompiled user dll's ...
Registered in 0.000898 seconds.
Begin MonoManager ReloadAssembly
Native extension for WindowsStandalone target not found
Refreshing native plugins compatible for Editor in 0.33 ms, found 0 plugins.
Preloading 0 native plugins for Editor in 0.00 ms.
Invoked RoslynAnalysisRunner static constructor.
RoslynAnalysisRunner will not be running.
RoslynAnalysisRunner has terminated.
Mono: successfully reloaded assembly
- Completed reload, in  0.603 seconds
Platform modules already initialized, skipping
Refreshing native plugins compatible for Editor in 0.31 ms, found 0 plugins.
Preloading 0 native plugins for Editor in 0.00 ms.
Unloading 1416 Unused Serialized files (Serialized files now loaded: 0)
System memory in use before: 67.5 MB.
System memory in use after: 67.6 MB.

Unloading 24 unused Assets to reduce memory usage. Loaded Objects now: 1871.
Total: 1.283800 ms (FindLiveObjects: 0.126000 ms CreateObjectMapping: 0.042100 ms MarkObjects: 1.101400 ms  DeleteObjects: 0.013700 ms)

========================================================================
Received Prepare
Registering precompiled user dll's ...
Registered in 0.000918 seconds.
Begin MonoManager ReloadAssembly
Native extension for WindowsStandalone target not found
Refreshing native plugins compatible for Editor in 0.32 ms, found 0 plugins.
Preloading 0 native plugins for Editor in 0.00 ms.
Invoked RoslynAnalysisRunner static constructor.
RoslynAnalysisRunner will not be running.
RoslynAnalysisRunner has terminated.
Mono: successfully reloaded assembly
- Completed reload, in  0.611 seconds
Platform modules already initialized, skipping
Refreshing native plugins compatible for Editor in 0.31 ms, found 0 plugins.
Preloading 0 native plugins for Editor in 0.00 ms.
Unloading 1416 Unused Serialized files (Serialized files now loaded: 0)
System memory in use before: 67.5 MB.
System memory in use after: 67.6 MB.

Unloading 24 unused Assets to reduce memory usage. Loaded Objects now: 1874.
Total: 1.558200 ms (FindLiveObjects: 0.163400 ms CreateObjectMapping: 0.049400 ms MarkObjects: 1.326500 ms  DeleteObjects: 0.018000 ms)

========================================================================
Received Prepare
Registering precompiled user dll's ...
Registered in 0.000921 seconds.
Begin MonoManager ReloadAssembly
Native extension for WindowsStandalone target not found
Refreshing native plugins compatible for Editor in 0.33 ms, found 0 plugins.
Preloading 0 native plugins for Editor in 0.00 ms.
Invoked RoslynAnalysisRunner static constructor.
RoslynAnalysisRunner will not be running.
RoslynAnalysisRunner has terminated.
Mono: successfully reloaded assembly
- Completed reload, in  0.630 seconds
Platform modules already initialized, skipping
Refreshing native plugins compatible for Editor in 0.32 ms, found 0 plugins.
Preloading 0 native plugins for Editor in 0.00 ms.
Unloading 1416 Unused Serialized files (Serialized files now loaded: 0)
System memory in use before: 67.5 MB.
System memory in use after: 67.7 MB.

Unloading 24 unused Assets to reduce memory usage. Loaded Objects now: 1877.
Total: 1.450500 ms (FindLiveObjects: 0.131000 ms CreateObjectMapping: 0.039300 ms MarkObjects: 1.261600 ms  DeleteObjects: 0.017700 ms)

========================================================================
Received Prepare
Registering precompiled user dll's ...
Registered in 0.001166 seconds.
Begin MonoManager ReloadAssembly
Native extension for WindowsStandalone target not found
Refreshing native plugins compatible for Editor in 0.34 ms, found 0 plugins.
Preloading 0 native plugins for Editor in 0.00 ms.
Invoked RoslynAnalysisRunner static constructor.
RoslynAnalysisRunner will not be running.
RoslynAnalysisRunner has terminated.
Mono: successfully reloaded assembly
- Completed reload, in  0.699 seconds
Platform modules already initialized, skipping
Refreshing native plugins compatible for Editor in 0.36 ms, found 0 plugins.
Preloading 0 native plugins for Editor in 0.00 ms.
Unloading 1416 Unused Serialized files (Serialized files now loaded: 0)
System memory in use before: 67.6 MB.
System memory in use after: 67.7 MB.

Unloading 24 unused Assets to reduce memory usage. Loaded Objects now: 1880.
Total: 1.508900 ms (FindLiveObjects: 0.132500 ms CreateObjectMapping: 0.040700 ms MarkObjects: 1.317200 ms  DeleteObjects: 0.017200 ms)

========================================================================
Received Import Request.
  Time since last request: 600.741347 seconds.
  path: Assets/Sprites/Environment.psd
  artifactKey: Guid(89815515b0996a14384e425d36ef58c4) Importer(815301076,1909f56bfc062723c751e8b465ee728b)
Start importing Assets/Sprites/Environment.psd using Guid(89815515b0996a14384e425d36ef58c4) Importer(815301076,1909f56bfc062723c751e8b465ee728b)  -> (artifact id: 'c521f010b7e7923840ce42724d641cc1') in 0.066631 seconds
  Import took 0.069259 seconds .

========================================================================
Received Import Request.
  Time since last request: 0.000116 seconds.
  path: Assets/Sprites/Obstacle.psd
  artifactKey: Guid(2446aaae1565e084390353bb81788d12) Importer(815301076,1909f56bfc062723c751e8b465ee728b)
Start importing Assets/Sprites/Obstacle.psd using Guid(2446aaae1565e084390353bb81788d12) Importer(815301076,1909f56bfc062723c751e8b465ee728b)  -> (artifact id: 'fb937bebf82dc881989b004131621512') in 0.011002 seconds
  Import took 0.013898 seconds .

========================================================================
Received Import Request.
  Time since last request: 0.000576 seconds.
  path: Assets/Sprites/Particle.psd
  artifactKey: Guid(e80d7839d88044547889504e8ef26255) Importer(815301076,1909f56bfc062723c751e8b465ee728b)
Start importing Assets/Sprites/Particle.psd using Guid(e80d7839d88044547889504e8ef26255) Importer(815301076,1909f56bfc062723c751e8b465ee728b)  -> (artifact id: 'a649dfc2bb1711548fd773c9ad811e8b') in 0.008898 seconds
  Import took 0.011518 seconds .

========================================================================
Received Import Request.
  Time since last request: 0.000174 seconds.
  path: Assets/Sprites/Ghost.psd
  artifactKey: Guid(fcef02b088ce6724ca0f85da06c6801e) Importer(815301076,1909f56bfc062723c751e8b465ee728b)
Start importing Assets/Sprites/Ghost.psd using Guid(fcef02b088ce6724ca0f85da06c6801e) Importer(815301076,1909f56bfc062723c751e8b465ee728b)  -> (artifact id: '425a7568b44b4d37e9986679b93c7c18') in 0.022747 seconds
  Import took 0.024809 seconds .

========================================================================
Received Import Request.
  Time since last request: 235.310259 seconds.
  path: Assets/Scenes/Title.unity
  artifactKey: Guid(8bd4ab54571d841408f5a51afd1bfa56) Importer(815301076,1909f56bfc062723c751e8b465ee728b)
Start importing Assets/Scenes/Title.unity using Guid(8bd4ab54571d841408f5a51afd1bfa56) Importer(815301076,1909f56bfc062723c751e8b465ee728b)  -> (artifact id: '108d108597d2aeafaccf2d04a67e07e7') in 0.005140 seconds
  Import took 0.007363 seconds .

========================================================================
Received Prepare
Registering precompiled user dll's ...
Registered in 0.000934 seconds.
Begin MonoManager ReloadAssembly
Native extension for WindowsStandalone target not found
Refreshing native plugins compatible for Editor in 0.33 ms, found 0 plugins.
Preloading 0 native plugins for Editor in 0.00 ms.
Invoked RoslynAnalysisRunner static constructor.
RoslynAnalysisRunner will not be running.
RoslynAnalysisRunner has terminated.
Mono: successfully reloaded assembly
- Completed reload, in  0.634 seconds
Platform modules already initialized, skipping
Refreshing native plugins compatible for Editor in 0.33 ms, found 0 plugins.
Preloading 0 native plugins for Editor in 0.00 ms.
Unloading 1416 Unused Serialized files (Serialized files now loaded: 0)
System memory in use before: 70.6 MB.
System memory in use after: 70.8 MB.

Unloading 24 unused Assets to reduce memory usage. Loaded Objects now: 1895.
Total: 1.324200 ms (FindLiveObjects: 0.129800 ms CreateObjectMapping: 0.038000 ms MarkObjects: 1.141200 ms  DeleteObjects: 0.014500 ms)

AssetImportWorkerClient::OnTransportError - code=2 error=End of file
